2020-04-02 13:12:37 INFO  Main:36 - Inicio del Actualizador - ePos
2020-04-02 13:12:39 INFO  Utilitario:50 - [ubicacionActualizador]: D:\Deyviz Perez\Proyectos\actualizador-epos\requerimiento-actualizador-epos\ActualizadorEpos
2020-04-02 13:12:39 INFO  Utilitario:51 - [constante.RUTA_NOMBRE_TEST_IDE_RAIZ]: Asistente de Actualizaci
2020-04-02 13:12:39 ERROR Main:69 - Error:java.lang.StringIndexOutOfBoundsException: String index out of range: -1
2020-04-02 13:12:39 ERROR Main:70 - Error Cause:null
2020-04-02 13:12:39 ERROR Main:71 - Error Message:String index out of range: -1
2020-04-02 13:13:18 INFO  Main:36 - Inicio del Actualizador - ePos
2020-04-02 13:13:19 INFO  Utilitario:50 - [ubicacionActualizador]: D:\Deyviz Perez\Proyectos\actualizador-epos\requerimiento-actualizador-epos\ActualizadorEpos
2020-04-02 13:13:19 INFO  Utilitario:51 - [constante.RUTA_NOMBRE_TEST_IDE_RAIZ]: Asistente de Actualizaci
2020-04-02 13:15:47 ERROR Main:69 - Error:java.lang.StringIndexOutOfBoundsException: String index out of range: -1
2020-04-02 13:15:47 ERROR Main:70 - Error Cause:null
2020-04-02 13:15:47 ERROR Main:71 - Error Message:String index out of range: -1
2020-04-02 13:15:57 INFO  Main:36 - Inicio del Actualizador - ePos
2020-04-02 13:15:58 INFO  Utilitario:50 - [ubicacionActualizador]: D:\Deyviz Perez\Proyectos\actualizador-epos\requerimiento-actualizador-epos\ActualizadorEpos
2020-04-02 13:15:58 INFO  Utilitario:51 - [constante.RUTA_NOMBRE_TEST_IDE_RAIZ]: Asistente de Actualizaci
2020-04-02 13:15:58 ERROR Main:69 - Error:java.lang.StringIndexOutOfBoundsException: String index out of range: -1
2020-04-02 13:15:58 ERROR Main:70 - Error Cause:null
2020-04-02 13:15:58 ERROR Main:71 - Error Message:String index out of range: -1
2020-04-02 13:15:59 INFO  Utilitario:50 - [ubicacionActualizador]: D:\Deyviz Perez\Proyectos\actualizador-epos\requerimiento-actualizador-epos\ActualizadorEpos
2020-04-02 13:15:59 INFO  Utilitario:51 - [constante.RUTA_NOMBRE_TEST_IDE_RAIZ]: Asistente de Actualizaci
2020-04-02 13:42:03 INFO  Main:36 - Inicio del Actualizador - ePos
2020-04-02 13:42:28 INFO  Main:36 - Inicio del Actualizador - ePos
2020-04-02 13:42:28 INFO  Main:51 - Inicio del Actualizador - ePos333
2020-04-02 13:43:06 INFO  Main:31 - Inicio del Actualizador - ePos333
2020-04-02 14:32:03 INFO  Main:31 - Inicio del Actualizador - ePos333
2020-04-02 14:32:25 INFO  Main:36 - Inicio del Actualizador - ePos
2020-04-02 14:32:25 INFO  Main:51 - Inicio del Actualizador - ePos333
2020-04-02 14:36:10 INFO  Main:24 - Inicio del Actualizador - Main
2020-04-02 14:36:10 INFO  Main:34 - Inicio del Actualizador - start
